\BOOKMARK [0][-]{chapter.1}{\376\377\0001\000\040\000R\000E\000A\000D\000M\000E}{}% 1
\BOOKMARK [0][-]{chapter.2}{\376\377\0002\000\040\000C\000l\000a\000s\000s\000\040\000I\000n\000d\000e\000x}{}% 2
\BOOKMARK [1][-]{section.2.1}{\376\377\0002\000.\0001\000\040\000C\000l\000a\000s\000s\000\040\000L\000i\000s\000t}{chapter.2}% 3
\BOOKMARK [0][-]{chapter.3}{\376\377\0003\000\040\000F\000i\000l\000e\000\040\000I\000n\000d\000e\000x}{}% 4
\BOOKMARK [1][-]{section.3.1}{\376\377\0003\000.\0001\000\040\000F\000i\000l\000e\000\040\000L\000i\000s\000t}{chapter.3}% 5
\BOOKMARK [0][-]{chapter.4}{\376\377\0004\000\040\000C\000l\000a\000s\000s\000\040\000D\000o\000c\000u\000m\000e\000n\000t\000a\000t\000i\000o\000n}{}% 6
\BOOKMARK [1][-]{section.4.1}{\376\377\0004\000.\0001\000\040\000a\000b\000e\000j\000a\000\040\000S\000t\000r\000u\000c\000t\000\040\000R\000e\000f\000e\000r\000e\000n\000c\000e}{chapter.4}% 7
\BOOKMARK [2][-]{subsection.4.1.1}{\376\377\0004\000.\0001\000.\0001\000\040\000D\000e\000t\000a\000i\000l\000e\000d\000\040\000D\000e\000s\000c\000r\000i\000p\000t\000i\000o\000n}{section.4.1}% 8
\BOOKMARK [2][-]{subsection.4.1.2}{\376\377\0004\000.\0001\000.\0002\000\040\000M\000e\000m\000b\000e\000r\000\040\000D\000a\000t\000a\000\040\000D\000o\000c\000u\000m\000e\000n\000t\000a\000t\000i\000o\000n}{section.4.1}% 9
\BOOKMARK [3][-]{subsubsection.4.1.2.1}{\376\377\0004\000.\0001\000.\0002\000.\0001\000\040\000f\000u\000n\000c\000i\000o\000n}{subsection.4.1.2}% 10
\BOOKMARK [3][-]{subsubsection.4.1.2.2}{\376\377\0004\000.\0001\000.\0002\000.\0002\000\040\000s\000o\000l\000u\000c\000i\000o\000n}{subsection.4.1.2}% 11
\BOOKMARK [3][-]{subsubsection.4.1.2.3}{\376\377\0004\000.\0001\000.\0002\000.\0003\000\040\000w\000a\000g\000g\000l\000e\000\137\000b\000e\000e}{subsection.4.1.2}% 12
\BOOKMARK [1][-]{section.4.2}{\376\377\0004\000.\0002\000\040\000p\000a\000r\000a\000m\000\040\000S\000t\000r\000u\000c\000t\000\040\000R\000e\000f\000e\000r\000e\000n\000c\000e}{chapter.4}% 13
\BOOKMARK [2][-]{subsection.4.2.1}{\376\377\0004\000.\0002\000.\0001\000\040\000D\000e\000t\000a\000i\000l\000e\000d\000\040\000D\000e\000s\000c\000r\000i\000p\000t\000i\000o\000n}{section.4.2}% 14
\BOOKMARK [2][-]{subsection.4.2.2}{\376\377\0004\000.\0002\000.\0002\000\040\000M\000e\000m\000b\000e\000r\000\040\000D\000a\000t\000a\000\040\000D\000o\000c\000u\000m\000e\000n\000t\000a\000t\000i\000o\000n}{section.4.2}% 15
\BOOKMARK [3][-]{subsubsection.4.2.2.1}{\376\377\0004\000.\0002\000.\0002\000.\0001\000\040\000a\000r\000g\000c}{subsection.4.2.2}% 16
\BOOKMARK [3][-]{subsubsection.4.2.2.2}{\376\377\0004\000.\0002\000.\0002\000.\0002\000\040\000a\000r\000g\000v}{subsection.4.2.2}% 17
\BOOKMARK [3][-]{subsubsection.4.2.2.3}{\376\377\0004\000.\0002\000.\0002\000.\0003\000\040\000d\000i\000s\000t\000a\000n\000c\000i\000a}{subsection.4.2.2}% 18
\BOOKMARK [3][-]{subsubsection.4.2.2.4}{\376\377\0004\000.\0002\000.\0002\000.\0004\000\040\000s\000i\000z\000e\000\137\000c\000o\000l\000o\000n\000i\000a}{subsection.4.2.2}% 19
\BOOKMARK [3][-]{subsubsection.4.2.2.5}{\376\377\0004\000.\0002\000.\0002\000.\0005\000\040\000t\000a\000b\000l\000e\000r\000o}{subsection.4.2.2}% 20
\BOOKMARK [1][-]{section.4.3}{\376\377\0004\000.\0003\000\040\000p\000i\000e\000z\000a\000\040\000S\000t\000r\000u\000c\000t\000\040\000R\000e\000f\000e\000r\000e\000n\000c\000e}{chapter.4}% 21
\BOOKMARK [2][-]{subsection.4.3.1}{\376\377\0004\000.\0003\000.\0001\000\040\000D\000e\000t\000a\000i\000l\000e\000d\000\040\000D\000e\000s\000c\000r\000i\000p\000t\000i\000o\000n}{section.4.3}% 22
\BOOKMARK [2][-]{subsection.4.3.2}{\376\377\0004\000.\0003\000.\0002\000\040\000M\000e\000m\000b\000e\000r\000\040\000D\000a\000t\000a\000\040\000D\000o\000c\000u\000m\000e\000n\000t\000a\000t\000i\000o\000n}{section.4.3}% 23
\BOOKMARK [3][-]{subsubsection.4.3.2.1}{\376\377\0004\000.\0003\000.\0002\000.\0001\000\040\000a\000c\000t\000i\000v\000o\000\137\000c\000e\000n\000t\000r\000o}{subsection.4.3.2}% 24
\BOOKMARK [3][-]{subsubsection.4.3.2.2}{\376\377\0004\000.\0003\000.\0002\000.\0002\000\040\000b\000l\000o\000q\000u\000e\000s}{subsection.4.3.2}% 25
\BOOKMARK [3][-]{subsubsection.4.3.2.3}{\376\377\0004\000.\0003\000.\0002\000.\0003\000\040\000f\000i\000j\000a}{subsection.4.3.2}% 26
\BOOKMARK [3][-]{subsubsection.4.3.2.4}{\376\377\0004\000.\0003\000.\0002\000.\0004\000\040\000i\000d}{subsection.4.3.2}% 27
\BOOKMARK [3][-]{subsubsection.4.3.2.5}{\376\377\0004\000.\0003\000.\0002\000.\0005\000\040\000o\000r\000i\000e\000n\000t\000a\000c\000i\000o\000n}{subsection.4.3.2}% 28
\BOOKMARK [3][-]{subsubsection.4.3.2.6}{\376\377\0004\000.\0003\000.\0002\000.\0006\000\040\000t\000i\000p\000o}{subsection.4.3.2}% 29
\BOOKMARK [3][-]{subsubsection.4.3.2.7}{\376\377\0004\000.\0003\000.\0002\000.\0007\000\040\000x}{subsection.4.3.2}% 30
\BOOKMARK [3][-]{subsubsection.4.3.2.8}{\376\377\0004\000.\0003\000.\0002\000.\0008\000\040\000y}{subsection.4.3.2}% 31
\BOOKMARK [1][-]{section.4.4}{\376\377\0004\000.\0004\000\040\000p\000u\000n\000t\000o\000\040\000S\000t\000r\000u\000c\000t\000\040\000R\000e\000f\000e\000r\000e\000n\000c\000e}{chapter.4}% 32
\BOOKMARK [2][-]{subsection.4.4.1}{\376\377\0004\000.\0004\000.\0001\000\040\000D\000e\000t\000a\000i\000l\000e\000d\000\040\000D\000e\000s\000c\000r\000i\000p\000t\000i\000o\000n}{section.4.4}% 33
\BOOKMARK [2][-]{subsection.4.4.2}{\376\377\0004\000.\0004\000.\0002\000\040\000M\000e\000m\000b\000e\000r\000\040\000D\000a\000t\000a\000\040\000D\000o\000c\000u\000m\000e\000n\000t\000a\000t\000i\000o\000n}{section.4.4}% 34
\BOOKMARK [3][-]{subsubsection.4.4.2.1}{\376\377\0004\000.\0004\000.\0002\000.\0001\000\040\000a\000c\000t\000i\000v\000o}{subsection.4.4.2}% 35
\BOOKMARK [3][-]{subsubsection.4.4.2.2}{\376\377\0004\000.\0004\000.\0002\000.\0002\000\040\000x}{subsection.4.4.2}% 36
\BOOKMARK [3][-]{subsubsection.4.4.2.3}{\376\377\0004\000.\0004\000.\0002\000.\0003\000\040\000y}{subsection.4.4.2}% 37
\BOOKMARK [1][-]{section.4.5}{\376\377\0004\000.\0005\000\040\000t\000a\000b\000l\000e\000r\000o\000\040\000S\000t\000r\000u\000c\000t\000\040\000R\000e\000f\000e\000r\000e\000n\000c\000e}{chapter.4}% 38
\BOOKMARK [2][-]{subsection.4.5.1}{\376\377\0004\000.\0005\000.\0001\000\040\000D\000e\000t\000a\000i\000l\000e\000d\000\040\000D\000e\000s\000c\000r\000i\000p\000t\000i\000o\000n}{section.4.5}% 39
\BOOKMARK [2][-]{subsection.4.5.2}{\376\377\0004\000.\0005\000.\0002\000\040\000M\000e\000m\000b\000e\000r\000\040\000D\000a\000t\000a\000\040\000D\000o\000c\000u\000m\000e\000n\000t\000a\000t\000i\000o\000n}{section.4.5}% 40
\BOOKMARK [3][-]{subsubsection.4.5.2.1}{\376\377\0004\000.\0005\000.\0002\000.\0001\000\040\000a\000c\000t\000u\000a\000l}{subsection.4.5.2}% 41
\BOOKMARK [3][-]{subsubsection.4.5.2.2}{\376\377\0004\000.\0005\000.\0002\000.\0002\000\040\000a\000l\000t\000o}{subsection.4.5.2}% 42
\BOOKMARK [3][-]{subsubsection.4.5.2.3}{\376\377\0004\000.\0005\000.\0002\000.\0003\000\040\000a\000n\000c\000h\000o}{subsection.4.5.2}% 43
\BOOKMARK [3][-]{subsubsection.4.5.2.4}{\376\377\0004\000.\0005\000.\0002\000.\0004\000\040\000g\000a\000m\000e\000\137\000o\000v\000e\000r}{subsection.4.5.2}% 44
\BOOKMARK [3][-]{subsubsection.4.5.2.5}{\376\377\0004\000.\0005\000.\0002\000.\0005\000\040\000m\000a\000x\000\137\000s\000i\000z\000e}{subsection.4.5.2}% 45
\BOOKMARK [3][-]{subsubsection.4.5.2.6}{\376\377\0004\000.\0005\000.\0002\000.\0006\000\040\000n\000u\000m\000\137\000p\000i\000e\000z\000a\000s\000\137\000t\000o\000t\000a\000l\000e\000s}{subsection.4.5.2}% 46
\BOOKMARK [3][-]{subsubsection.4.5.2.7}{\376\377\0004\000.\0005\000.\0002\000.\0007\000\040\000n\000u\000m\000\137\000t\000e\000t\000r\000i\000s}{subsection.4.5.2}% 47
\BOOKMARK [3][-]{subsubsection.4.5.2.8}{\376\377\0004\000.\0005\000.\0002\000.\0008\000\040\000p\000i\000e\000z\000a\000s}{subsection.4.5.2}% 48
\BOOKMARK [3][-]{subsubsection.4.5.2.9}{\376\377\0004\000.\0005\000.\0002\000.\0009\000\040\000p\000i\000e\000z\000a\000s\000\137\000a\000c\000t\000u\000a\000l\000e\000s}{subsection.4.5.2}% 49
\BOOKMARK [3][-]{subsubsection.4.5.2.10}{\376\377\0004\000.\0005\000.\0002\000.\0001\0000\000\040\000s\000i\000z\000e}{subsection.4.5.2}% 50
\BOOKMARK [0][-]{chapter.5}{\376\377\0005\000\040\000F\000i\000l\000e\000\040\000D\000o\000c\000u\000m\000e\000n\000t\000a\000t\000i\000o\000n}{}% 51
\BOOKMARK [1][-]{section.5.1}{\376\377\0005\000.\0001\000\040\000l\000i\000b\000/\000a\000b\000c\000.\000c\000\040\000F\000i\000l\000e\000\040\000R\000e\000f\000e\000r\000e\000n\000c\000e}{chapter.5}% 52
\BOOKMARK [2][-]{subsection.5.1.1}{\376\377\0005\000.\0001\000.\0001\000\040\000D\000e\000t\000a\000i\000l\000e\000d\000\040\000D\000e\000s\000c\000r\000i\000p\000t\000i\000o\000n}{section.5.1}% 53
\BOOKMARK [2][-]{subsection.5.1.2}{\376\377\0005\000.\0001\000.\0002\000\040\000M\000a\000c\000r\000o\000\040\000D\000e\000f\000i\000n\000i\000t\000i\000o\000n\000\040\000D\000o\000c\000u\000m\000e\000n\000t\000a\000t\000i\000o\000n}{section.5.1}% 54
\BOOKMARK [3][-]{subsubsection.5.1.2.1}{\376\377\0005\000.\0001\000.\0002\000.\0001\000\040\000I\000N\000F\000I\000N\000I\000T\000O}{subsection.5.1.2}% 55
\BOOKMARK [2][-]{subsection.5.1.3}{\376\377\0005\000.\0001\000.\0003\000\040\000F\000u\000n\000c\000t\000i\000o\000n\000\040\000D\000o\000c\000u\000m\000e\000n\000t\000a\000t\000i\000o\000n}{section.5.1}% 56
\BOOKMARK [3][-]{subsubsection.5.1.3.1}{\376\377\0005\000.\0001\000.\0003\000.\0001\000\040\000A\000B\000C\000\050\000\051}{subsection.5.1.3}% 57
\BOOKMARK [1][-]{section.5.2}{\376\377\0005\000.\0002\000\040\000l\000i\000b\000/\000a\000b\000c\000.\000h\000\040\000F\000i\000l\000e\000\040\000R\000e\000f\000e\000r\000e\000n\000c\000e}{chapter.5}% 58
\BOOKMARK [2][-]{subsection.5.2.1}{\376\377\0005\000.\0002\000.\0001\000\040\000D\000e\000t\000a\000i\000l\000e\000d\000\040\000D\000e\000s\000c\000r\000i\000p\000t\000i\000o\000n}{section.5.2}% 59
\BOOKMARK [2][-]{subsection.5.2.2}{\376\377\0005\000.\0002\000.\0002\000\040\000F\000u\000n\000c\000t\000i\000o\000n\000\040\000D\000o\000c\000u\000m\000e\000n\000t\000a\000t\000i\000o\000n}{section.5.2}% 60
\BOOKMARK [3][-]{subsubsection.5.2.2.1}{\376\377\0005\000.\0002\000.\0002\000.\0001\000\040\000A\000B\000C\000\050\000\051}{subsection.5.2.2}% 61
\BOOKMARK [1][-]{section.5.3}{\376\377\0005\000.\0003\000\040\000l\000i\000b\000/\000a\000b\000e\000j\000a\000s\000.\000c\000\040\000F\000i\000l\000e\000\040\000R\000e\000f\000e\000r\000e\000n\000c\000e}{chapter.5}% 62
\BOOKMARK [2][-]{subsection.5.3.1}{\376\377\0005\000.\0003\000.\0001\000\040\000D\000e\000t\000a\000i\000l\000e\000d\000\040\000D\000e\000s\000c\000r\000i\000p\000t\000i\000o\000n}{section.5.3}% 63
\BOOKMARK [2][-]{subsection.5.3.2}{\376\377\0005\000.\0003\000.\0002\000\040\000F\000u\000n\000c\000t\000i\000o\000n\000\040\000D\000o\000c\000u\000m\000e\000n\000t\000a\000t\000i\000o\000n}{section.5.3}% 64
\BOOKMARK [3][-]{subsubsection.5.3.2.1}{\376\377\0005\000.\0003\000.\0002\000.\0001\000\040\000b\000u\000s\000c\000a\000\137\000f\000u\000e\000n\000t\000e\000\137\000a\000l\000i\000m\000e\000n\000t\000o\000\050\000\051}{subsection.5.3.2}% 65
\BOOKMARK [3][-]{subsubsection.5.3.2.2}{\376\377\0005\000.\0003\000.\0002\000.\0002\000\040\000d\000o\000\137\000w\000a\000g\000g\000l\000e\000\137\000d\000a\000n\000c\000e\000\050\000\051}{subsection.5.3.2}% 66
\BOOKMARK [3][-]{subsubsection.5.3.2.3}{\376\377\0005\000.\0003\000.\0002\000.\0003\000\040\000f\000r\000e\000e\000\137\000a\000b\000e\000j\000a\000\050\000\051}{subsection.5.3.2}% 67
\BOOKMARK [3][-]{subsubsection.5.3.2.4}{\376\377\0005\000.\0003\000.\0002\000.\0004\000\040\000i\000n\000i\000t\000\137\000a\000b\000e\000j\000a\000\050\000\051}{subsection.5.3.2}% 68
\BOOKMARK [3][-]{subsubsection.5.3.2.5}{\376\377\0005\000.\0003\000.\0002\000.\0005\000\040\000s\000e\000t\000\137\000t\000a\000b\000l\000e\000r\000o\000\137\000a\000b\000e\000j\000a\000\050\000\051}{subsection.5.3.2}% 69
\BOOKMARK [1][-]{section.5.4}{\376\377\0005\000.\0004\000\040\000l\000i\000b\000/\000a\000b\000e\000j\000a\000s\000.\000h\000\040\000F\000i\000l\000e\000\040\000R\000e\000f\000e\000r\000e\000n\000c\000e}{chapter.5}% 70
\BOOKMARK [2][-]{subsection.5.4.1}{\376\377\0005\000.\0004\000.\0001\000\040\000D\000e\000t\000a\000i\000l\000e\000d\000\040\000D\000e\000s\000c\000r\000i\000p\000t\000i\000o\000n}{section.5.4}% 71
\BOOKMARK [2][-]{subsection.5.4.2}{\376\377\0005\000.\0004\000.\0002\000\040\000T\000y\000p\000e\000d\000e\000f\000\040\000D\000o\000c\000u\000m\000e\000n\000t\000a\000t\000i\000o\000n}{section.5.4}% 72
\BOOKMARK [3][-]{subsubsection.5.4.2.1}{\376\377\0005\000.\0004\000.\0002\000.\0001\000\040\000A\000B\000E\000J\000A}{subsection.5.4.2}% 73
\BOOKMARK [2][-]{subsection.5.4.3}{\376\377\0005\000.\0004\000.\0003\000\040\000F\000u\000n\000c\000t\000i\000o\000n\000\040\000D\000o\000c\000u\000m\000e\000n\000t\000a\000t\000i\000o\000n}{section.5.4}% 74
\BOOKMARK [3][-]{subsubsection.5.4.3.1}{\376\377\0005\000.\0004\000.\0003\000.\0001\000\040\000b\000u\000s\000c\000a\000\137\000f\000u\000e\000n\000t\000e\000\137\000a\000l\000i\000m\000e\000n\000t\000o\000\050\000\051}{subsection.5.4.3}% 75
\BOOKMARK [3][-]{subsubsection.5.4.3.2}{\376\377\0005\000.\0004\000.\0003\000.\0002\000\040\000d\000o\000\137\000w\000a\000g\000g\000l\000e\000\137\000d\000a\000n\000c\000e\000\050\000\051}{subsection.5.4.3}% 76
\BOOKMARK [3][-]{subsubsection.5.4.3.3}{\376\377\0005\000.\0004\000.\0003\000.\0003\000\040\000f\000r\000e\000e\000\137\000a\000b\000e\000j\000a\000\050\000\051}{subsection.5.4.3}% 77
\BOOKMARK [3][-]{subsubsection.5.4.3.4}{\376\377\0005\000.\0004\000.\0003\000.\0004\000\040\000i\000n\000i\000t\000\137\000a\000b\000e\000j\000a\000\050\000\051}{subsection.5.4.3}% 78
\BOOKMARK [3][-]{subsubsection.5.4.3.5}{\376\377\0005\000.\0004\000.\0003\000.\0005\000\040\000s\000e\000t\000\137\000t\000a\000b\000l\000e\000r\000o\000\137\000a\000b\000e\000j\000a\000\050\000\051}{subsection.5.4.3}% 79
\BOOKMARK [1][-]{section.5.5}{\376\377\0005\000.\0005\000\040\000l\000i\000b\000/\000d\000u\000m\000p\000.\000c\000\040\000F\000i\000l\000e\000\040\000R\000e\000f\000e\000r\000e\000n\000c\000e}{chapter.5}% 80
\BOOKMARK [2][-]{subsection.5.5.1}{\376\377\0005\000.\0005\000.\0001\000\040\000D\000e\000t\000a\000i\000l\000e\000d\000\040\000D\000e\000s\000c\000r\000i\000p\000t\000i\000o\000n}{section.5.5}% 81
\BOOKMARK [2][-]{subsection.5.5.2}{\376\377\0005\000.\0005\000.\0002\000\040\000F\000u\000n\000c\000t\000i\000o\000n\000\040\000D\000o\000c\000u\000m\000e\000n\000t\000a\000t\000i\000o\000n}{section.5.5}% 82
\BOOKMARK [3][-]{subsubsection.5.5.2.1}{\376\377\0005\000.\0005\000.\0002\000.\0001\000\040\000a\000g\000r\000e\000g\000a\000\137\000b\000a\000s\000u\000r\000a\000\050\000\051}{subsection.5.5.2}% 83
\BOOKMARK [3][-]{subsubsection.5.5.2.2}{\376\377\0005\000.\0005\000.\0002\000.\0002\000\040\000l\000i\000m\000p\000i\000a\000\050\000\051}{subsection.5.5.2}% 84
\BOOKMARK [1][-]{section.5.6}{\376\377\0005\000.\0006\000\040\000l\000i\000b\000/\000d\000u\000m\000p\000.\000h\000\040\000F\000i\000l\000e\000\040\000R\000e\000f\000e\000r\000e\000n\000c\000e}{chapter.5}% 85
\BOOKMARK [2][-]{subsection.5.6.1}{\376\377\0005\000.\0006\000.\0001\000\040\000D\000e\000t\000a\000i\000l\000e\000d\000\040\000D\000e\000s\000c\000r\000i\000p\000t\000i\000o\000n}{section.5.6}% 86
\BOOKMARK [2][-]{subsection.5.6.2}{\376\377\0005\000.\0006\000.\0002\000\040\000F\000u\000n\000c\000t\000i\000o\000n\000\040\000D\000o\000c\000u\000m\000e\000n\000t\000a\000t\000i\000o\000n}{section.5.6}% 87
\BOOKMARK [3][-]{subsubsection.5.6.2.1}{\376\377\0005\000.\0006\000.\0002\000.\0001\000\040\000a\000g\000r\000e\000g\000a\000\137\000b\000a\000s\000u\000r\000a\000\050\000\051}{subsection.5.6.2}% 88
\BOOKMARK [3][-]{subsubsection.5.6.2.2}{\376\377\0005\000.\0006\000.\0002\000.\0002\000\040\000l\000i\000m\000p\000i\000a\000\050\000\051}{subsection.5.6.2}% 89
\BOOKMARK [2][-]{subsection.5.6.3}{\376\377\0005\000.\0006\000.\0003\000\040\000V\000a\000r\000i\000a\000b\000l\000e\000\040\000D\000o\000c\000u\000m\000e\000n\000t\000a\000t\000i\000o\000n}{section.5.6}% 90
\BOOKMARK [3][-]{subsubsection.5.6.3.1}{\376\377\0005\000.\0006\000.\0003\000.\0001\000\040\000b\000a\000s\000u\000r\000e\000r\000o}{subsection.5.6.3}% 91
\BOOKMARK [1][-]{section.5.7}{\376\377\0005\000.\0007\000\040\000l\000i\000b\000/\000f\000u\000n\000c\000i\000o\000n\000.\000c\000\040\000F\000i\000l\000e\000\040\000R\000e\000f\000e\000r\000e\000n\000c\000e}{chapter.5}% 92
\BOOKMARK [2][-]{subsection.5.7.1}{\376\377\0005\000.\0007\000.\0001\000\040\000D\000e\000t\000a\000i\000l\000e\000d\000\040\000D\000e\000s\000c\000r\000i\000p\000t\000i\000o\000n}{section.5.7}% 93
\BOOKMARK [2][-]{subsection.5.7.2}{\376\377\0005\000.\0007\000.\0002\000\040\000M\000a\000c\000r\000o\000\040\000D\000e\000f\000i\000n\000i\000t\000i\000o\000n\000\040\000D\000o\000c\000u\000m\000e\000n\000t\000a\000t\000i\000o\000n}{section.5.7}% 94
\BOOKMARK [3][-]{subsubsection.5.7.2.1}{\376\377\0005\000.\0007\000.\0002\000.\0001\000\040\000d\000e\000g\000r\000e\000e\000s\000T\000o\000R\000a\000d\000i\000a\000n\000s}{subsection.5.7.2}% 95
\BOOKMARK [3][-]{subsubsection.5.7.2.2}{\376\377\0005\000.\0007\000.\0002\000.\0002\000\040\000I\000N\000F\000I\000N\000I\000T\000O}{subsection.5.7.2}% 96
\BOOKMARK [3][-]{subsubsection.5.7.2.3}{\376\377\0005\000.\0007\000.\0002\000.\0003\000\040\000m\000i\000\137\000m\000a\000x}{subsection.5.7.2}% 97
\BOOKMARK [3][-]{subsubsection.5.7.2.4}{\376\377\0005\000.\0007\000.\0002\000.\0004\000\040\000p\000i\000t\000a\000g\000o\000r\000a\000s}{subsection.5.7.2}% 98
\BOOKMARK [3][-]{subsubsection.5.7.2.5}{\376\377\0005\000.\0007\000.\0002\000.\0005\000\040\000r\000a\000d\000i\000a\000n\000s\000T\000o\000D\000e\000g\000r\000e\000e\000s}{subsection.5.7.2}% 99
\BOOKMARK [3][-]{subsubsection.5.7.2.6}{\376\377\0005\000.\0007\000.\0002\000.\0006\000\040\000v\000a\000l\000o\000r\000\137\000a\000b\000s}{subsection.5.7.2}% 100
\BOOKMARK [2][-]{subsection.5.7.3}{\376\377\0005\000.\0007\000.\0003\000\040\000F\000u\000n\000c\000t\000i\000o\000n\000\040\000D\000o\000c\000u\000m\000e\000n\000t\000a\000t\000i\000o\000n}{section.5.7}% 101
\BOOKMARK [3][-]{subsubsection.5.7.3.1}{\376\377\0005\000.\0007\000.\0003\000.\0001\000\040\000a\000t\000r\000a\000p\000a\000d\000o\000\050\000\051}{subsection.5.7.3}% 102
\BOOKMARK [3][-]{subsubsection.5.7.3.2}{\376\377\0005\000.\0007\000.\0003\000.\0002\000\040\000c\000u\000e\000n\000t\000a\000\137\000a\000t\000r\000a\000p\000a\000d\000o\000s\000\050\000\051}{subsection.5.7.3}% 103
\BOOKMARK [3][-]{subsubsection.5.7.3.3}{\376\377\0005\000.\0007\000.\0003\000.\0003\000\040\000c\000u\000e\000n\000t\000a\000\137\000c\000u\000b\000i\000e\000r\000t\000a\000\050\000\051}{subsection.5.7.3}% 104
\BOOKMARK [3][-]{subsubsection.5.7.3.4}{\376\377\0005\000.\0007\000.\0003\000.\0004\000\040\000c\000u\000e\000n\000t\000a\000\137\000c\000u\000b\000i\000e\000r\000t\000a\000s\000\137\000t\000o\000t\000a\000l\000\050\000\051}{subsection.5.7.3}% 105
\BOOKMARK [3][-]{subsubsection.5.7.3.5}{\376\377\0005\000.\0007\000.\0003\000.\0005\000\040\000h\000o\000r\000i\000z\000o\000n\000t\000a\000l\000i\000d\000a\000d\000\050\000\051}{subsection.5.7.3}% 106
\BOOKMARK [3][-]{subsubsection.5.7.3.6}{\376\377\0005\000.\0007\000.\0003\000.\0006\000\040\000p\000r\000o\000b\000a\000b\000i\000l\000i\000d\000a\000d\000\137\000t\000e\000t\000r\000i\000s\000\050\000\051}{subsection.5.7.3}% 107
\BOOKMARK [3][-]{subsubsection.5.7.3.7}{\376\377\0005\000.\0007\000.\0003\000.\0007\000\040\000r\000e\000v\000i\000s\000a\000\137\000h\000o\000r\000i\000z\000o\000n\000t\000a\000l\000\050\000\051}{subsection.5.7.3}% 108
\BOOKMARK [3][-]{subsubsection.5.7.3.8}{\376\377\0005\000.\0007\000.\0003\000.\0008\000\040\000w\000a\000g\000g\000l\000e\000\137\000d\000a\000n\000c\000e\000\050\000\051}{subsection.5.7.3}% 109
\BOOKMARK [1][-]{section.5.8}{\376\377\0005\000.\0008\000\040\000l\000i\000b\000/\000f\000u\000n\000c\000i\000o\000n\000.\000h\000\040\000F\000i\000l\000e\000\040\000R\000e\000f\000e\000r\000e\000n\000c\000e}{chapter.5}% 110
\BOOKMARK [2][-]{subsection.5.8.1}{\376\377\0005\000.\0008\000.\0001\000\040\000D\000e\000t\000a\000i\000l\000e\000d\000\040\000D\000e\000s\000c\000r\000i\000p\000t\000i\000o\000n}{section.5.8}% 111
\BOOKMARK [2][-]{subsection.5.8.2}{\376\377\0005\000.\0008\000.\0002\000\040\000F\000u\000n\000c\000t\000i\000o\000n\000\040\000D\000o\000c\000u\000m\000e\000n\000t\000a\000t\000i\000o\000n}{section.5.8}% 112
\BOOKMARK [3][-]{subsubsection.5.8.2.1}{\376\377\0005\000.\0008\000.\0002\000.\0001\000\040\000w\000a\000g\000g\000l\000e\000\137\000d\000a\000n\000c\000e\000\050\000\051}{subsection.5.8.2}% 113
\BOOKMARK [1][-]{section.5.9}{\376\377\0005\000.\0009\000\040\000l\000i\000b\000/\000l\000o\000c\000k\000.\000h\000\040\000F\000i\000l\000e\000\040\000R\000e\000f\000e\000r\000e\000n\000c\000e}{chapter.5}% 114
\BOOKMARK [2][-]{subsection.5.9.1}{\376\377\0005\000.\0009\000.\0001\000\040\000D\000e\000t\000a\000i\000l\000e\000d\000\040\000D\000e\000s\000c\000r\000i\000p\000t\000i\000o\000n}{section.5.9}% 115
\BOOKMARK [2][-]{subsection.5.9.2}{\376\377\0005\000.\0009\000.\0002\000\040\000V\000a\000r\000i\000a\000b\000l\000e\000\040\000D\000o\000c\000u\000m\000e\000n\000t\000a\000t\000i\000o\000n}{section.5.9}% 116
\BOOKMARK [3][-]{subsubsection.5.9.2.1}{\376\377\0005\000.\0009\000.\0002\000.\0001\000\040\000l\000o\000c\000k}{subsection.5.9.2}% 117
\BOOKMARK [3][-]{subsubsection.5.9.2.2}{\376\377\0005\000.\0009\000.\0002\000.\0002\000\040\000l\000o\000c\000k\000\137\000b\000a\000s\000u\000r\000a}{subsection.5.9.2}% 118
\BOOKMARK [3][-]{subsubsection.5.9.2.3}{\376\377\0005\000.\0009\000.\0002\000.\0003\000\040\000l\000o\000c\000k\000\137\000p\000i\000e\000z\000a}{subsection.5.9.2}% 119
\BOOKMARK [1][-]{section.5.10}{\376\377\0005\000.\0001\0000\000\040\000l\000i\000b\000/\000p\000i\000e\000z\000a\000.\000c\000\040\000F\000i\000l\000e\000\040\000R\000e\000f\000e\000r\000e\000n\000c\000e}{chapter.5}% 120
\BOOKMARK [2][-]{subsection.5.10.1}{\376\377\0005\000.\0001\0000\000.\0001\000\040\000D\000e\000t\000a\000i\000l\000e\000d\000\040\000D\000e\000s\000c\000r\000i\000p\000t\000i\000o\000n}{section.5.10}% 121
\BOOKMARK [2][-]{subsection.5.10.2}{\376\377\0005\000.\0001\0000\000.\0002\000\040\000F\000u\000n\000c\000t\000i\000o\000n\000\040\000D\000o\000c\000u\000m\000e\000n\000t\000a\000t\000i\000o\000n}{section.5.10}% 122
\BOOKMARK [3][-]{subsubsection.5.10.2.1}{\376\377\0005\000.\0001\0000\000.\0002\000.\0001\000\040\000a\000c\000t\000u\000a\000l\000i\000z\000a\000\137\000b\000l\000o\000q\000u\000e\000s\000\050\000\051}{subsection.5.10.2}% 123
\BOOKMARK [3][-]{subsubsection.5.10.2.2}{\376\377\0005\000.\0001\0000\000.\0002\000.\0002\000\040\000a\000c\000t\000u\000a\000l\000i\000z\000a\000\137\000c\000u\000a\000d\000r\000a\000d\000o\000\050\000\051}{subsection.5.10.2}% 124
\BOOKMARK [3][-]{subsubsection.5.10.2.3}{\376\377\0005\000.\0001\0000\000.\0002\000.\0003\000\040\000a\000c\000t\000u\000a\000l\000i\000z\000a\000\137\000i\000\050\000\051}{subsection.5.10.2}% 125
\BOOKMARK [3][-]{subsubsection.5.10.2.4}{\376\377\0005\000.\0001\0000\000.\0002\000.\0004\000\040\000a\000c\000t\000u\000a\000l\000i\000z\000a\000\137\000l\000e\000f\000t\000\137\000g\000u\000n\000\050\000\051}{subsection.5.10.2}% 126
\BOOKMARK [3][-]{subsubsection.5.10.2.5}{\376\377\0005\000.\0001\0000\000.\0002\000.\0005\000\040\000a\000c\000t\000u\000a\000l\000i\000z\000a\000\137\000l\000e\000f\000t\000\137\000s\000n\000a\000k\000e\000\050\000\051}{subsection.5.10.2}% 127
\BOOKMARK [3][-]{subsubsection.5.10.2.6}{\376\377\0005\000.\0001\0000\000.\0002\000.\0006\000\040\000a\000c\000t\000u\000a\000l\000i\000z\000a\000\137\000p\000o\000s\000i\000c\000i\000o\000n\000\137\000p\000i\000e\000z\000a\000\050\000\051}{subsection.5.10.2}% 128
\BOOKMARK [3][-]{subsubsection.5.10.2.7}{\376\377\0005\000.\0001\0000\000.\0002\000.\0007\000\040\000a\000c\000t\000u\000a\000l\000i\000z\000a\000\137\000r\000i\000g\000h\000t\000\137\000g\000u\000n\000\050\000\051}{subsection.5.10.2}% 129
\BOOKMARK [3][-]{subsubsection.5.10.2.8}{\376\377\0005\000.\0001\0000\000.\0002\000.\0008\000\040\000a\000c\000t\000u\000a\000l\000i\000z\000a\000\137\000r\000i\000g\000h\000t\000\137\000s\000n\000a\000k\000e\000\050\000\051}{subsection.5.10.2}% 130
\BOOKMARK [3][-]{subsubsection.5.10.2.9}{\376\377\0005\000.\0001\0000\000.\0002\000.\0009\000\040\000a\000c\000t\000u\000a\000l\000i\000z\000a\000\137\000t\000\050\000\051}{subsection.5.10.2}% 131
\BOOKMARK [3][-]{subsubsection.5.10.2.10}{\376\377\0005\000.\0001\0000\000.\0002\000.\0001\0000\000\040\000b\000a\000j\000a\000r\000\137\000b\000l\000o\000q\000u\000e\000\137\000p\000i\000e\000z\000a\000\050\000\051}{subsection.5.10.2}% 132
\BOOKMARK [3][-]{subsubsection.5.10.2.11}{\376\377\0005\000.\0001\0000\000.\0002\000.\0001\0001\000\040\000b\000o\000r\000r\000a\000\137\000b\000l\000o\000q\000u\000e\000\137\000p\000i\000e\000z\000a\000\050\000\051}{subsection.5.10.2}% 133
\BOOKMARK [3][-]{subsubsection.5.10.2.12}{\376\377\0005\000.\0001\0000\000.\0002\000.\0001\0002\000\040\000c\000o\000p\000y\000\137\000p\000i\000e\000z\000a\000\050\000\051}{subsection.5.10.2}% 134
\BOOKMARK [3][-]{subsubsection.5.10.2.13}{\376\377\0005\000.\0001\0000\000.\0002\000.\0001\0003\000\040\000d\000e\000j\000a\000\137\000c\000a\000e\000r\000\137\000p\000i\000e\000z\000a\000\050\000\051}{subsection.5.10.2}% 135
\BOOKMARK [3][-]{subsubsection.5.10.2.14}{\376\377\0005\000.\0001\0000\000.\0002\000.\0001\0004\000\040\000f\000r\000e\000e\000\137\000p\000i\000e\000z\000a\000\050\000\051}{subsection.5.10.2}% 136
\BOOKMARK [3][-]{subsubsection.5.10.2.15}{\376\377\0005\000.\0001\0000\000.\0002\000.\0001\0005\000\040\000i\000n\000i\000t\000\137\000p\000i\000e\000z\000a\000\050\000\051}{subsection.5.10.2}% 137
\BOOKMARK [3][-]{subsubsection.5.10.2.16}{\376\377\0005\000.\0001\0000\000.\0002\000.\0001\0006\000\040\000l\000e\000v\000a\000n\000t\000a\000\137\000p\000i\000e\000z\000a\000\050\000\051}{subsection.5.10.2}% 138
\BOOKMARK [3][-]{subsubsection.5.10.2.17}{\376\377\0005\000.\0001\0000\000.\0002\000.\0001\0007\000\040\000r\000o\000t\000a\000\137\000p\000i\000e\000z\000a\000\050\000\051}{subsection.5.10.2}% 139
\BOOKMARK [3][-]{subsubsection.5.10.2.18}{\376\377\0005\000.\0001\0000\000.\0002\000.\0001\0008\000\040\000r\000o\000t\000a\000r\000\137\000p\000i\000e\000z\000a\000\050\000\051}{subsection.5.10.2}% 140
\BOOKMARK [3][-]{subsubsection.5.10.2.19}{\376\377\0005\000.\0001\0000\000.\0002\000.\0001\0009\000\040\000s\000e\000t\000\137\000p\000u\000n\000t\000o\000\137\000p\000i\000e\000z\000a\000\050\000\051}{subsection.5.10.2}% 141
\BOOKMARK [3][-]{subsubsection.5.10.2.20}{\376\377\0005\000.\0001\0000\000.\0002\000.\0002\0000\000\040\000s\000e\000t\000\137\000x\000\137\000p\000i\000e\000z\000a\000\050\000\051}{subsection.5.10.2}% 142
\BOOKMARK [3][-]{subsubsection.5.10.2.21}{\376\377\0005\000.\0001\0000\000.\0002\000.\0002\0001\000\040\000s\000e\000t\000\137\000y\000\137\000p\000i\000e\000z\000a\000\050\000\051}{subsection.5.10.2}% 143
\BOOKMARK [1][-]{section.5.11}{\376\377\0005\000.\0001\0001\000\040\000l\000i\000b\000/\000p\000i\000e\000z\000a\000.\000h\000\040\000F\000i\000l\000e\000\040\000R\000e\000f\000e\000r\000e\000n\000c\000e}{chapter.5}% 144
\BOOKMARK [2][-]{subsection.5.11.1}{\376\377\0005\000.\0001\0001\000.\0001\000\040\000D\000e\000t\000a\000i\000l\000e\000d\000\040\000D\000e\000s\000c\000r\000i\000p\000t\000i\000o\000n}{section.5.11}% 145
\BOOKMARK [2][-]{subsection.5.11.2}{\376\377\0005\000.\0001\0001\000.\0002\000\040\000T\000y\000p\000e\000d\000e\000f\000\040\000D\000o\000c\000u\000m\000e\000n\000t\000a\000t\000i\000o\000n}{section.5.11}% 146
\BOOKMARK [3][-]{subsubsection.5.11.2.1}{\376\377\0005\000.\0001\0001\000.\0002\000.\0001\000\040\000F\000O\000R\000M\000A}{subsection.5.11.2}% 147
\BOOKMARK [3][-]{subsubsection.5.11.2.2}{\376\377\0005\000.\0001\0001\000.\0002\000.\0002\000\040\000P\000I\000E\000Z\000A}{subsection.5.11.2}% 148
\BOOKMARK [3][-]{subsubsection.5.11.2.3}{\376\377\0005\000.\0001\0001\000.\0002\000.\0003\000\040\000P\000U\000N\000T\000O}{subsection.5.11.2}% 149
\BOOKMARK [2][-]{subsection.5.11.3}{\376\377\0005\000.\0001\0001\000.\0003\000\040\000E\000n\000u\000m\000e\000r\000a\000t\000i\000o\000n\000\040\000T\000y\000p\000e\000\040\000D\000o\000c\000u\000m\000e\000n\000t\000a\000t\000i\000o\000n}{section.5.11}% 150
\BOOKMARK [3][-]{subsubsection.5.11.3.1}{\376\377\0005\000.\0001\0001\000.\0003\000.\0001\000\040\000F\000O\000R\000M\000A}{subsection.5.11.3}% 151
\BOOKMARK [2][-]{subsection.5.11.4}{\376\377\0005\000.\0001\0001\000.\0004\000\040\000F\000u\000n\000c\000t\000i\000o\000n\000\040\000D\000o\000c\000u\000m\000e\000n\000t\000a\000t\000i\000o\000n}{section.5.11}% 152
\BOOKMARK [3][-]{subsubsection.5.11.4.1}{\376\377\0005\000.\0001\0001\000.\0004\000.\0001\000\040\000a\000c\000t\000u\000a\000l\000i\000z\000a\000\137\000b\000l\000o\000q\000u\000e\000s\000\050\000\051}{subsection.5.11.4}% 153
\BOOKMARK [3][-]{subsubsection.5.11.4.2}{\376\377\0005\000.\0001\0001\000.\0004\000.\0002\000\040\000a\000c\000t\000u\000a\000l\000i\000z\000a\000\137\000c\000u\000a\000d\000r\000a\000d\000o\000\050\000\051}{subsection.5.11.4}% 154
\BOOKMARK [3][-]{subsubsection.5.11.4.3}{\376\377\0005\000.\0001\0001\000.\0004\000.\0003\000\040\000a\000c\000t\000u\000a\000l\000i\000z\000a\000\137\000i\000\050\000\051}{subsection.5.11.4}% 155
\BOOKMARK [3][-]{subsubsection.5.11.4.4}{\376\377\0005\000.\0001\0001\000.\0004\000.\0004\000\040\000a\000c\000t\000u\000a\000l\000i\000z\000a\000\137\000l\000e\000f\000t\000\137\000g\000u\000n\000\050\000\051}{subsection.5.11.4}% 156
\BOOKMARK [3][-]{subsubsection.5.11.4.5}{\376\377\0005\000.\0001\0001\000.\0004\000.\0005\000\040\000a\000c\000t\000u\000a\000l\000i\000z\000a\000\137\000l\000e\000f\000t\000\137\000s\000n\000a\000k\000e\000\050\000\051}{subsection.5.11.4}% 157
\BOOKMARK [3][-]{subsubsection.5.11.4.6}{\376\377\0005\000.\0001\0001\000.\0004\000.\0006\000\040\000a\000c\000t\000u\000a\000l\000i\000z\000a\000\137\000p\000o\000s\000i\000c\000i\000o\000n\000\137\000p\000i\000e\000z\000a\000\050\000\051}{subsection.5.11.4}% 158
\BOOKMARK [3][-]{subsubsection.5.11.4.7}{\376\377\0005\000.\0001\0001\000.\0004\000.\0007\000\040\000a\000c\000t\000u\000a\000l\000i\000z\000a\000\137\000r\000i\000g\000h\000t\000\137\000g\000u\000n\000\050\000\051}{subsection.5.11.4}% 159
\BOOKMARK [3][-]{subsubsection.5.11.4.8}{\376\377\0005\000.\0001\0001\000.\0004\000.\0008\000\040\000a\000c\000t\000u\000a\000l\000i\000z\000a\000\137\000r\000i\000g\000h\000t\000\137\000s\000n\000a\000k\000e\000\050\000\051}{subsection.5.11.4}% 160
\BOOKMARK [3][-]{subsubsection.5.11.4.9}{\376\377\0005\000.\0001\0001\000.\0004\000.\0009\000\040\000a\000c\000t\000u\000a\000l\000i\000z\000a\000\137\000t\000\050\000\051}{subsection.5.11.4}% 161
\BOOKMARK [3][-]{subsubsection.5.11.4.10}{\376\377\0005\000.\0001\0001\000.\0004\000.\0001\0000\000\040\000b\000a\000j\000a\000r\000\137\000b\000l\000o\000q\000u\000e\000\137\000p\000i\000e\000z\000a\000\050\000\051}{subsection.5.11.4}% 162
\BOOKMARK [3][-]{subsubsection.5.11.4.11}{\376\377\0005\000.\0001\0001\000.\0004\000.\0001\0001\000\040\000b\000o\000r\000r\000a\000\137\000b\000l\000o\000q\000u\000e\000\137\000p\000i\000e\000z\000a\000\050\000\051}{subsection.5.11.4}% 163
\BOOKMARK [3][-]{subsubsection.5.11.4.12}{\376\377\0005\000.\0001\0001\000.\0004\000.\0001\0002\000\040\000c\000o\000p\000y\000\137\000p\000i\000e\000z\000a\000\050\000\051}{subsection.5.11.4}% 164
\BOOKMARK [3][-]{subsubsection.5.11.4.13}{\376\377\0005\000.\0001\0001\000.\0004\000.\0001\0003\000\040\000d\000e\000j\000a\000\137\000c\000a\000e\000r\000\137\000p\000i\000e\000z\000a\000\050\000\051}{subsection.5.11.4}% 165
\BOOKMARK [3][-]{subsubsection.5.11.4.14}{\376\377\0005\000.\0001\0001\000.\0004\000.\0001\0004\000\040\000f\000r\000e\000e\000\137\000p\000i\000e\000z\000a\000\050\000\051}{subsection.5.11.4}% 166
\BOOKMARK [3][-]{subsubsection.5.11.4.15}{\376\377\0005\000.\0001\0001\000.\0004\000.\0001\0005\000\040\000i\000n\000i\000t\000\137\000p\000i\000e\000z\000a\000\050\000\051}{subsection.5.11.4}% 167
\BOOKMARK [3][-]{subsubsection.5.11.4.16}{\376\377\0005\000.\0001\0001\000.\0004\000.\0001\0006\000\040\000l\000e\000v\000a\000n\000t\000a\000\137\000p\000i\000e\000z\000a\000\050\000\051}{subsection.5.11.4}% 168
\BOOKMARK [3][-]{subsubsection.5.11.4.17}{\376\377\0005\000.\0001\0001\000.\0004\000.\0001\0007\000\040\000r\000o\000t\000a\000\137\000p\000i\000e\000z\000a\000\050\000\051}{subsection.5.11.4}% 169
\BOOKMARK [3][-]{subsubsection.5.11.4.18}{\376\377\0005\000.\0001\0001\000.\0004\000.\0001\0008\000\040\000r\000o\000t\000a\000r\000\137\000p\000i\000e\000z\000a\000\050\000\051}{subsection.5.11.4}% 170
\BOOKMARK [3][-]{subsubsection.5.11.4.19}{\376\377\0005\000.\0001\0001\000.\0004\000.\0001\0009\000\040\000s\000e\000t\000\137\000p\000u\000n\000t\000o\000\137\000p\000i\000e\000z\000a\000\050\000\051}{subsection.5.11.4}% 171
\BOOKMARK [3][-]{subsubsection.5.11.4.20}{\376\377\0005\000.\0001\0001\000.\0004\000.\0002\0000\000\040\000s\000e\000t\000\137\000x\000\137\000p\000i\000e\000z\000a\000\050\000\051}{subsection.5.11.4}% 172
\BOOKMARK [3][-]{subsubsection.5.11.4.21}{\376\377\0005\000.\0001\0001\000.\0004\000.\0002\0001\000\040\000s\000e\000t\000\137\000y\000\137\000p\000i\000e\000z\000a\000\050\000\051}{subsection.5.11.4}% 173
\BOOKMARK [1][-]{section.5.12}{\376\377\0005\000.\0001\0002\000\040\000l\000i\000b\000/\000t\000a\000b\000l\000e\000r\000o\000.\000c\000\040\000F\000i\000l\000e\000\040\000R\000e\000f\000e\000r\000e\000n\000c\000e}{chapter.5}% 174
\BOOKMARK [2][-]{subsection.5.12.1}{\376\377\0005\000.\0001\0002\000.\0001\000\040\000D\000e\000t\000a\000i\000l\000e\000d\000\040\000D\000e\000s\000c\000r\000i\000p\000t\000i\000o\000n}{section.5.12}% 175
\BOOKMARK [2][-]{subsection.5.12.2}{\376\377\0005\000.\0001\0002\000.\0002\000\040\000F\000u\000n\000c\000t\000i\000o\000n\000\040\000D\000o\000c\000u\000m\000e\000n\000t\000a\000t\000i\000o\000n}{section.5.12}% 176
\BOOKMARK [3][-]{subsubsection.5.12.2.1}{\376\377\0005\000.\0001\0002\000.\0002\000.\0001\000\040\000a\000g\000r\000e\000g\000a\000\137\000p\000i\000e\000z\000a\000\137\000t\000a\000b\000l\000e\000r\000o\000\050\000\051}{subsection.5.12.2}% 177
\BOOKMARK [3][-]{subsubsection.5.12.2.2}{\376\377\0005\000.\0001\0002\000.\0002\000.\0002\000\040\000b\000o\000r\000r\000a\000\137\000p\000i\000e\000z\000a\000\137\000t\000a\000b\000l\000e\000r\000o\000\050\000\051}{subsection.5.12.2}% 178
\BOOKMARK [3][-]{subsubsection.5.12.2.3}{\376\377\0005\000.\0001\0002\000.\0002\000.\0003\000\040\000b\000u\000s\000c\000a\000\137\000s\000o\000l\000u\000c\000i\000o\000n\000\137\000a\000c\000t\000u\000a\000l\000\050\000\051}{subsection.5.12.2}% 179
\BOOKMARK [3][-]{subsubsection.5.12.2.4}{\376\377\0005\000.\0001\0002\000.\0002\000.\0004\000\040\000c\000o\000p\000y\000\137\000t\000a\000b\000l\000e\000r\000o\000\050\000\051}{subsection.5.12.2}% 180
\BOOKMARK [3][-]{subsubsection.5.12.2.5}{\376\377\0005\000.\0001\0002\000.\0002\000.\0005\000\040\000c\000r\000e\000a\000r\000\137\000p\000i\000e\000z\000a\000\137\000t\000a\000b\000l\000e\000r\000o\000\050\000\051}{subsection.5.12.2}% 181
\BOOKMARK [3][-]{subsubsection.5.12.2.6}{\376\377\0005\000.\0001\0002\000.\0002\000.\0006\000\040\000f\000r\000e\000e\000\137\000t\000a\000b\000l\000e\000r\000o\000\050\000\051}{subsection.5.12.2}% 182
\BOOKMARK [3][-]{subsubsection.5.12.2.7}{\376\377\0005\000.\0001\0002\000.\0002\000.\0007\000\040\000g\000e\000t\000\137\000p\000i\000e\000z\000a\000\050\000\051}{subsection.5.12.2}% 183
\BOOKMARK [3][-]{subsubsection.5.12.2.8}{\376\377\0005\000.\0001\0002\000.\0002\000.\0008\000\040\000i\000m\000p\000r\000i\000m\000e\000\137\000t\000a\000b\000l\000e\000r\000o\000\050\000\051}{subsection.5.12.2}% 184
\BOOKMARK [3][-]{subsubsection.5.12.2.9}{\376\377\0005\000.\0001\0002\000.\0002\000.\0009\000\040\000i\000n\000i\000t\000\137\000t\000a\000b\000l\000e\000r\000o\000\050\000\051}{subsection.5.12.2}% 185
\BOOKMARK [3][-]{subsubsection.5.12.2.10}{\376\377\0005\000.\0001\0002\000.\0002\000.\0001\0000\000\040\000m\000o\000v\000e\000r\000\137\000d\000e\000r\000e\000c\000h\000a\000\137\000t\000a\000b\000l\000e\000r\000o\000\050\000\051}{subsection.5.12.2}% 186
\BOOKMARK [3][-]{subsubsection.5.12.2.11}{\376\377\0005\000.\0001\0002\000.\0002\000.\0001\0001\000\040\000m\000o\000v\000e\000r\000\137\000i\000z\000q\000u\000i\000e\000r\000d\000a\000\137\000t\000a\000b\000l\000e\000r\000o\000\050\000\051}{subsection.5.12.2}% 187
\BOOKMARK [3][-]{subsubsection.5.12.2.12}{\376\377\0005\000.\0001\0002\000.\0002\000.\0001\0002\000\040\000m\000o\000v\000e\000r\000\137\000p\000i\000e\000z\000a\000\137\000t\000a\000b\000l\000e\000r\000o\000\050\000\051}{subsection.5.12.2}% 188
\BOOKMARK [3][-]{subsubsection.5.12.2.13}{\376\377\0005\000.\0001\0002\000.\0002\000.\0001\0003\000\040\000r\000o\000t\000a\000r\000\137\000p\000i\000e\000z\000a\000\137\000t\000a\000b\000l\000e\000r\000o\000\050\000\051}{subsection.5.12.2}% 189
\BOOKMARK [3][-]{subsubsection.5.12.2.14}{\376\377\0005\000.\0001\0002\000.\0002\000.\0001\0004\000\040\000s\000e\000t\000\137\000p\000i\000e\000z\000a\000\137\000n\000u\000e\000v\000a\000\050\000\051}{subsection.5.12.2}% 190
\BOOKMARK [3][-]{subsubsection.5.12.2.15}{\376\377\0005\000.\0001\0002\000.\0002\000.\0001\0005\000\040\000s\000i\000g\000u\000i\000e\000n\000t\000e\000\137\000t\000u\000r\000n\000o\000\137\000t\000a\000b\000l\000e\000r\000o\000\050\000\051}{subsection.5.12.2}% 191
\BOOKMARK [3][-]{subsubsection.5.12.2.16}{\376\377\0005\000.\0001\0002\000.\0002\000.\0001\0006\000\040\000t\000e\000t\000r\000i\000s\000\050\000\051}{subsection.5.12.2}% 192
\BOOKMARK [3][-]{subsubsection.5.12.2.17}{\376\377\0005\000.\0001\0002\000.\0002\000.\0001\0007\000\040\000t\000e\000t\000r\000i\000s\000\137\000n\000i\000v\000e\000l\000\050\000\051}{subsection.5.12.2}% 193
\BOOKMARK [1][-]{section.5.13}{\376\377\0005\000.\0001\0003\000\040\000l\000i\000b\000/\000t\000a\000b\000l\000e\000r\000o\000.\000h\000\040\000F\000i\000l\000e\000\040\000R\000e\000f\000e\000r\000e\000n\000c\000e}{chapter.5}% 194
\BOOKMARK [2][-]{subsection.5.13.1}{\376\377\0005\000.\0001\0003\000.\0001\000\040\000D\000e\000t\000a\000i\000l\000e\000d\000\040\000D\000e\000s\000c\000r\000i\000p\000t\000i\000o\000n}{section.5.13}% 195
\BOOKMARK [2][-]{subsection.5.13.2}{\376\377\0005\000.\0001\0003\000.\0002\000\040\000T\000y\000p\000e\000d\000e\000f\000\040\000D\000o\000c\000u\000m\000e\000n\000t\000a\000t\000i\000o\000n}{section.5.13}% 196
\BOOKMARK [3][-]{subsubsection.5.13.2.1}{\376\377\0005\000.\0001\0003\000.\0002\000.\0001\000\040\000T\000A\000B\000L\000E\000R\000O}{subsection.5.13.2}% 197
\BOOKMARK [2][-]{subsection.5.13.3}{\376\377\0005\000.\0001\0003\000.\0003\000\040\000F\000u\000n\000c\000t\000i\000o\000n\000\040\000D\000o\000c\000u\000m\000e\000n\000t\000a\000t\000i\000o\000n}{section.5.13}% 198
\BOOKMARK [3][-]{subsubsection.5.13.3.1}{\376\377\0005\000.\0001\0003\000.\0003\000.\0001\000\040\000a\000g\000r\000e\000g\000a\000\137\000p\000i\000e\000z\000a\000\137\000t\000a\000b\000l\000e\000r\000o\000\050\000\051}{subsection.5.13.3}% 199
\BOOKMARK [3][-]{subsubsection.5.13.3.2}{\376\377\0005\000.\0001\0003\000.\0003\000.\0002\000\040\000b\000o\000r\000r\000a\000\137\000p\000i\000e\000z\000a\000\137\000t\000a\000b\000l\000e\000r\000o\000\050\000\051}{subsection.5.13.3}% 200
\BOOKMARK [3][-]{subsubsection.5.13.3.3}{\376\377\0005\000.\0001\0003\000.\0003\000.\0003\000\040\000b\000u\000s\000c\000a\000\137\000s\000o\000l\000u\000c\000i\000o\000n\000\137\000a\000c\000t\000u\000a\000l\000\050\000\051}{subsection.5.13.3}% 201
\BOOKMARK [3][-]{subsubsection.5.13.3.4}{\376\377\0005\000.\0001\0003\000.\0003\000.\0004\000\040\000c\000o\000p\000y\000\137\000t\000a\000b\000l\000e\000r\000o\000\050\000\051}{subsection.5.13.3}% 202
\BOOKMARK [3][-]{subsubsection.5.13.3.5}{\376\377\0005\000.\0001\0003\000.\0003\000.\0005\000\040\000c\000r\000e\000a\000r\000\137\000p\000i\000e\000z\000a\000\137\000t\000a\000b\000l\000e\000r\000o\000\050\000\051}{subsection.5.13.3}% 203
\BOOKMARK [3][-]{subsubsection.5.13.3.6}{\376\377\0005\000.\0001\0003\000.\0003\000.\0006\000\040\000f\000r\000e\000e\000\137\000t\000a\000b\000l\000e\000r\000o\000\050\000\051}{subsection.5.13.3}% 204
\BOOKMARK [3][-]{subsubsection.5.13.3.7}{\376\377\0005\000.\0001\0003\000.\0003\000.\0007\000\040\000g\000e\000t\000\137\000p\000i\000e\000z\000a\000\050\000\051}{subsection.5.13.3}% 205
\BOOKMARK [3][-]{subsubsection.5.13.3.8}{\376\377\0005\000.\0001\0003\000.\0003\000.\0008\000\040\000i\000m\000p\000r\000i\000m\000e\000\137\000t\000a\000b\000l\000e\000r\000o\000\050\000\051}{subsection.5.13.3}% 206
\BOOKMARK [3][-]{subsubsection.5.13.3.9}{\376\377\0005\000.\0001\0003\000.\0003\000.\0009\000\040\000i\000n\000i\000t\000\137\000t\000a\000b\000l\000e\000r\000o\000\050\000\051}{subsection.5.13.3}% 207
\BOOKMARK [3][-]{subsubsection.5.13.3.10}{\376\377\0005\000.\0001\0003\000.\0003\000.\0001\0000\000\040\000m\000o\000v\000e\000r\000\137\000d\000e\000r\000e\000c\000h\000a\000\137\000t\000a\000b\000l\000e\000r\000o\000\050\000\051}{subsection.5.13.3}% 208
\BOOKMARK [3][-]{subsubsection.5.13.3.11}{\376\377\0005\000.\0001\0003\000.\0003\000.\0001\0001\000\040\000m\000o\000v\000e\000r\000\137\000i\000z\000q\000u\000i\000e\000r\000d\000a\000\137\000t\000a\000b\000l\000e\000r\000o\000\050\000\051}{subsection.5.13.3}% 209
\BOOKMARK [3][-]{subsubsection.5.13.3.12}{\376\377\0005\000.\0001\0003\000.\0003\000.\0001\0002\000\040\000m\000o\000v\000e\000r\000\137\000p\000i\000e\000z\000a\000\137\000t\000a\000b\000l\000e\000r\000o\000\050\000\051}{subsection.5.13.3}% 210
\BOOKMARK [3][-]{subsubsection.5.13.3.13}{\376\377\0005\000.\0001\0003\000.\0003\000.\0001\0003\000\040\000r\000o\000t\000a\000r\000\137\000p\000i\000e\000z\000a\000\137\000t\000a\000b\000l\000e\000r\000o\000\050\000\051}{subsection.5.13.3}% 211
\BOOKMARK [3][-]{subsubsection.5.13.3.14}{\376\377\0005\000.\0001\0003\000.\0003\000.\0001\0004\000\040\000s\000e\000t\000\137\000p\000i\000e\000z\000a\000\137\000n\000u\000e\000v\000a\000\050\000\051}{subsection.5.13.3}% 212
\BOOKMARK [3][-]{subsubsection.5.13.3.15}{\376\377\0005\000.\0001\0003\000.\0003\000.\0001\0005\000\040\000s\000i\000g\000u\000i\000e\000n\000t\000e\000\137\000t\000u\000r\000n\000o\000\137\000t\000a\000b\000l\000e\000r\000o\000\050\000\051}{subsection.5.13.3}% 213
\BOOKMARK [3][-]{subsubsection.5.13.3.16}{\376\377\0005\000.\0001\0003\000.\0003\000.\0001\0006\000\040\000t\000e\000t\000r\000i\000s\000\050\000\051}{subsection.5.13.3}% 214
\BOOKMARK [3][-]{subsubsection.5.13.3.17}{\376\377\0005\000.\0001\0003\000.\0003\000.\0001\0007\000\040\000t\000e\000t\000r\000i\000s\000\137\000n\000i\000v\000e\000l\000\050\000\051}{subsection.5.13.3}% 215
\BOOKMARK [1][-]{section.5.14}{\376\377\0005\000.\0001\0004\000\040\000s\000r\000c\000/\000i\000n\000t\000e\000r\000f\000a\000z\000-\000g\000r\000a\000f\000i\000c\000a\000.\000c\000\040\000F\000i\000l\000e\000\040\000R\000e\000f\000e\000r\000e\000n\000c\000e}{chapter.5}% 216
\BOOKMARK [2][-]{subsection.5.14.1}{\376\377\0005\000.\0001\0004\000.\0001\000\040\000D\000e\000t\000a\000i\000l\000e\000d\000\040\000D\000e\000s\000c\000r\000i\000p\000t\000i\000o\000n}{section.5.14}% 217
\BOOKMARK [2][-]{subsection.5.14.2}{\376\377\0005\000.\0001\0004\000.\0002\000\040\000F\000u\000n\000c\000t\000i\000o\000n\000\040\000D\000o\000c\000u\000m\000e\000n\000t\000a\000t\000i\000o\000n}{section.5.14}% 218
\BOOKMARK [3][-]{subsubsection.5.14.2.1}{\376\377\0005\000.\0001\0004\000.\0002\000.\0001\000\040\000d\000e\000j\000a\000\137\000c\000a\000e\000r\000\050\000\051}{subsection.5.14.2}% 219
\BOOKMARK [3][-]{subsubsection.5.14.2.2}{\376\377\0005\000.\0001\0004\000.\0002\000.\0002\000\040\000d\000i\000b\000u\000j\000a\000\137\000c\000u\000a\000d\000r\000o\000\050\000\051}{subsection.5.14.2}% 220
\BOOKMARK [3][-]{subsubsection.5.14.2.3}{\376\377\0005\000.\0001\0004\000.\0002\000.\0003\000\040\000d\000i\000b\000u\000j\000a\000\137\000f\000i\000g\000u\000r\000a\000s\000\050\000\051}{subsection.5.14.2}% 221
\BOOKMARK [3][-]{subsubsection.5.14.2.4}{\376\377\0005\000.\0001\0004\000.\0002\000.\0004\000\040\000d\000i\000b\000u\000j\000a\000\137\000p\000i\000e\000z\000a\000\050\000\051}{subsection.5.14.2}% 222
\BOOKMARK [3][-]{subsubsection.5.14.2.5}{\376\377\0005\000.\0001\0004\000.\0002\000.\0005\000\040\000d\000i\000s\000p\000l\000a\000y\000\050\000\051}{subsection.5.14.2}% 223
\BOOKMARK [3][-]{subsubsection.5.14.2.6}{\376\377\0005\000.\0001\0004\000.\0002\000.\0006\000\040\000e\000n\000d\000\137\000v\000i\000s\000u\000a\000l\000\137\000m\000a\000i\000n\000\050\000\051}{subsection.5.14.2}% 224
\BOOKMARK [3][-]{subsubsection.5.14.2.7}{\376\377\0005\000.\0001\0004\000.\0002\000.\0007\000\040\000m\000y\000I\000n\000i\000t\000\050\000\051}{subsection.5.14.2}% 225
\BOOKMARK [3][-]{subsubsection.5.14.2.8}{\376\377\0005\000.\0001\0004\000.\0002\000.\0008\000\040\000m\000y\000K\000e\000y\000b\000o\000a\000r\000d\000\050\000\051}{subsection.5.14.2}% 226
\BOOKMARK [3][-]{subsubsection.5.14.2.9}{\376\377\0005\000.\0001\0004\000.\0002\000.\0009\000\040\000p\000r\000i\000n\000t\000\050\000\051}{subsection.5.14.2}% 227
\BOOKMARK [3][-]{subsubsection.5.14.2.10}{\376\377\0005\000.\0001\0004\000.\0002\000.\0001\0000\000\040\000r\000e\000s\000h\000a\000p\000e\000\050\000\051}{subsection.5.14.2}% 228
\BOOKMARK [3][-]{subsubsection.5.14.2.11}{\376\377\0005\000.\0001\0004\000.\0002\000.\0001\0001\000\040\000s\000p\000e\000c\000i\000a\000l\000K\000e\000y\000I\000n\000p\000u\000t\000\050\000\051}{subsection.5.14.2}% 229
\BOOKMARK [3][-]{subsubsection.5.14.2.12}{\376\377\0005\000.\0001\0004\000.\0002\000.\0001\0002\000\040\000v\000i\000s\000u\000a\000l\000\137\000m\000a\000i\000n\000\050\000\051}{subsection.5.14.2}% 230
\BOOKMARK [1][-]{section.5.15}{\376\377\0005\000.\0001\0005\000\040\000s\000r\000c\000/\000i\000n\000t\000e\000r\000f\000a\000z\000-\000g\000r\000a\000f\000i\000c\000a\000.\000h\000\040\000F\000i\000l\000e\000\040\000R\000e\000f\000e\000r\000e\000n\000c\000e}{chapter.5}% 231
\BOOKMARK [2][-]{subsection.5.15.1}{\376\377\0005\000.\0001\0005\000.\0001\000\040\000D\000e\000t\000a\000i\000l\000e\000d\000\040\000D\000e\000s\000c\000r\000i\000p\000t\000i\000o\000n}{section.5.15}% 232
\BOOKMARK [2][-]{subsection.5.15.2}{\376\377\0005\000.\0001\0005\000.\0002\000\040\000F\000u\000n\000c\000t\000i\000o\000n\000\040\000D\000o\000c\000u\000m\000e\000n\000t\000a\000t\000i\000o\000n}{section.5.15}% 233
\BOOKMARK [3][-]{subsubsection.5.15.2.1}{\376\377\0005\000.\0001\0005\000.\0002\000.\0001\000\040\000e\000n\000d\000\137\000v\000i\000s\000u\000a\000l\000\137\000m\000a\000i\000n\000\050\000\051}{subsection.5.15.2}% 234
\BOOKMARK [3][-]{subsubsection.5.15.2.2}{\376\377\0005\000.\0001\0005\000.\0002\000.\0002\000\040\000m\000y\000D\000i\000s\000p\000l\000a\000y\000\050\000\051}{subsection.5.15.2}% 235
\BOOKMARK [3][-]{subsubsection.5.15.2.3}{\376\377\0005\000.\0001\0005\000.\0002\000.\0003\000\040\000m\000y\000I\000n\000i\000t\000\050\000\051}{subsection.5.15.2}% 236
\BOOKMARK [3][-]{subsubsection.5.15.2.4}{\376\377\0005\000.\0001\0005\000.\0002\000.\0004\000\040\000m\000y\000K\000e\000y\000b\000o\000a\000r\000d\000\050\000\051}{subsection.5.15.2}% 237
\BOOKMARK [3][-]{subsubsection.5.15.2.5}{\376\377\0005\000.\0001\0005\000.\0002\000.\0005\000\040\000m\000y\000R\000e\000s\000h\000a\000p\000e\000\050\000\051}{subsection.5.15.2}% 238
\BOOKMARK [3][-]{subsubsection.5.15.2.6}{\376\377\0005\000.\0001\0005\000.\0002\000.\0006\000\040\000p\000r\000i\000n\000t\000\050\000\051}{subsection.5.15.2}% 239
\BOOKMARK [3][-]{subsubsection.5.15.2.7}{\376\377\0005\000.\0001\0005\000.\0002\000.\0007\000\040\000v\000i\000s\000u\000a\000l\000\137\000m\000a\000i\000n\000\050\000\051}{subsection.5.15.2}% 240
\BOOKMARK [2][-]{subsection.5.15.3}{\376\377\0005\000.\0001\0005\000.\0003\000\040\000V\000a\000r\000i\000a\000b\000l\000e\000\040\000D\000o\000c\000u\000m\000e\000n\000t\000a\000t\000i\000o\000n}{section.5.15}% 241
\BOOKMARK [3][-]{subsubsection.5.15.3.1}{\376\377\0005\000.\0001\0005\000.\0003\000.\0001\000\040\000a\000l\000t\000o}{subsection.5.15.3}% 242
\BOOKMARK [3][-]{subsubsection.5.15.3.2}{\376\377\0005\000.\0001\0005\000.\0003\000.\0002\000\040\000a\000n\000c\000h\000o}{subsection.5.15.3}% 243
\BOOKMARK [3][-]{subsubsection.5.15.3.3}{\376\377\0005\000.\0001\0005\000.\0003\000.\0003\000\040\000g\000a\000m\000e\000\137\000o\000v\000e\000r}{subsection.5.15.3}% 244
\BOOKMARK [3][-]{subsubsection.5.15.3.4}{\376\377\0005\000.\0001\0005\000.\0003\000.\0004\000\040\000t\000a\000b\000l\000e\000r\000o\000\137\000p\000r\000i\000n\000c\000i\000p\000a\000l}{subsection.5.15.3}% 245
\BOOKMARK [3][-]{subsubsection.5.15.3.5}{\376\377\0005\000.\0001\0005\000.\0003\000.\0005\000\040\000t\000a\000b\000l\000e\000r\000o\000\137\000p\000r\000i\000n\000c\000i\000p\000a\000l\000\137\000p\000o\000i\000n\000t\000e\000r}{subsection.5.15.3}% 246
\BOOKMARK [3][-]{subsubsection.5.15.3.6}{\376\377\0005\000.\0001\0005\000.\0003\000.\0006\000\040\000z\000o\000o\000m}{subsection.5.15.3}% 247
